<?xml version="1.0" encoding="UTF-8"?>
<!-- Generated by org.testng.reporters.JUnitXMLReporter -->
<testsuite ignored="0" hostname="DESKTOP-QB131GQ" failures="0" tests="3" name="Default test" time="9.022" errors="0" timestamp="2023-05-23T20:29:46 IST">
  <testcase classname="testClassPackage.Post_TC2" name="execute" time="6.396"/>
  <testcase classname="testClassPackage.Post_TC3" name="execute" time="1.22"/>
  <testcase classname="testClassPackage.Post_TC1" name="execute" time="1.148"/>
</testsuite> <!-- Default test -->
