<?xml version="1.0" encoding="UTF-8"?>
<!-- Generated by org.testng.reporters.JUnitXMLReporter -->
<testsuite ignored="0" hostname="DESKTOP-QB131GQ" failures="0" tests="3" name="Default test" time="7.51" errors="0" timestamp="2023-05-28T15:14:27 IST">
  <testcase classname="testfactorClassPackage.post_TC___3" name="execute" time="5.065"/>
  <testcase classname="testfactorClassPackage.post_TC___2" name="execute" time="1.135"/>
  <testcase classname="testfactorClassPackage.post_TC___1" name="execute" time="1.117"/>
</testsuite> <!-- Default test -->
