<?xml version="1.0" encoding="UTF-8"?>
<!-- Generated by org.testng.reporters.JUnitXMLReporter -->
<testsuite ignored="0" hostname="DESKTOP-QB131GQ" failures="0" tests="3" name="Test" time="7.601" errors="0" timestamp="2023-05-23T15:23:52 IST">
  <testcase classname="testClassPackage.Post_TC1" name="execute" time="5.131"/>
  <testcase classname="testClassPackage.Post_TC2" name="execute" time="1.133"/>
  <testcase classname="testClassPackage.Post_TC3" name="execute" time="1.148"/>
</testsuite> <!-- Test -->
