<?xml version="1.0" encoding="UTF-8"?>
<testng-results ignored="0" total="3" passed="3" failed="0" skipped="0">
  <reporter-output>
  </reporter-output>
  <suite started-at="2023-05-23T20:29:37 IST" name="Default suite" finished-at="2023-05-23T20:29:46 IST" duration-ms="9022">
    <groups>
    </groups>
    <test started-at="2023-05-23T20:29:37 IST" name="Default test" finished-at="2023-05-23T20:29:46 IST" duration-ms="9022">
      <class name="testClassPackage.Post_TC2">
        <test-method signature="execute()[pri:0, instance:testClassPackage.Post_TC2@4e423aa2]" started-at="2023-05-23T20:29:37 IST" name="execute" finished-at="2023-05-23T20:29:43 IST" duration-ms="6396" status="PASS">
          <reporter-output>
          </reporter-output>
        </test-method> <!-- execute -->
      </class> <!-- testClassPackage.Post_TC2 -->
      <class name="testClassPackage.Post_TC3">
        <test-method signature="execute()[pri:0, instance:testClassPackage.Post_TC3@5454d35e]" started-at="2023-05-23T20:29:43 IST" name="execute" finished-at="2023-05-23T20:29:45 IST" duration-ms="1220" status="PASS">
          <reporter-output>
          </reporter-output>
        </test-method> <!-- execute -->
      </class> <!-- testClassPackage.Post_TC3 -->
      <class name="testClassPackage.Post_TC1">
        <test-method signature="execute()[pri:0, instance:testClassPackage.Post_TC1@20c0a64d]" started-at="2023-05-23T20:29:45 IST" name="execute" finished-at="2023-05-23T20:29:46 IST" duration-ms="1148" status="PASS">
          <reporter-output>
          </reporter-output>
        </test-method> <!-- execute -->
      </class> <!-- testClassPackage.Post_TC1 -->
    </test> <!-- Default test -->
  </suite> <!-- Default suite -->
</testng-results>
