<?xml version="1.0" encoding="UTF-8"?>
<testng-results ignored="0" total="3" passed="3" failed="0" skipped="0">
  <reporter-output>
  </reporter-output>
  <suite started-at="2023-05-28T15:14:19 IST" name="Default suite" finished-at="2023-05-28T15:14:27 IST" duration-ms="7510">
    <groups>
    </groups>
    <test started-at="2023-05-28T15:14:19 IST" name="Default test" finished-at="2023-05-28T15:14:27 IST" duration-ms="7510">
      <class name="testfactorClassPackage.post_TC___3">
        <test-method signature="execute()[pri:0, instance:testfactorClassPackage.post_TC___3@4e423aa2]" started-at="2023-05-28T15:14:19 IST" name="execute" finished-at="2023-05-28T15:14:24 IST" duration-ms="5065" status="PASS">
          <reporter-output>
          </reporter-output>
        </test-method> <!-- execute -->
      </class> <!-- testfactorClassPackage.post_TC___3 -->
      <class name="testfactorClassPackage.post_TC___2">
        <test-method signature="execute()[pri:0, instance:testfactorClassPackage.post_TC___2@5454d35e]" started-at="2023-05-28T15:14:24 IST" name="execute" finished-at="2023-05-28T15:14:25 IST" duration-ms="1135" status="PASS">
          <reporter-output>
          </reporter-output>
        </test-method> <!-- execute -->
      </class> <!-- testfactorClassPackage.post_TC___2 -->
      <class name="testfactorClassPackage.post_TC___1">
        <test-method signature="execute()[pri:0, instance:testfactorClassPackage.post_TC___1@20c0a64d]" started-at="2023-05-28T15:14:25 IST" name="execute" finished-at="2023-05-28T15:14:27 IST" duration-ms="1117" status="PASS">
          <reporter-output>
          </reporter-output>
        </test-method> <!-- execute -->
      </class> <!-- testfactorClassPackage.post_TC___1 -->
    </test> <!-- Default test -->
  </suite> <!-- Default suite -->
</testng-results>
